<?xml version="1.0" encoding="UTF-8"?>
<testsuite name="com.it.tests.MyTest" tests="1" skipped="0" failures="0" errors="0" timestamp="2020-01-26T08:31:24" hostname="DESKTOP-GPJ503C" time="0.318">
  <properties/>
  <testcase name="testLogin" classname="com.it.tests.MyTest" time="0.318"/>
  <system-out><![CDATA[]]></system-out>
  <system-err><![CDATA[]]></system-err>
</testsuite>
